<?xml version="1.0" encoding="UTF-8"?>
<!-- Generated by org.testng.reporters.JUnitReportReporter -->
<testsuite hostname="KINGSTONSURYA" failures="2" tests="5" name="Testrunner.Testngtestrunner" time="558.821" errors="0" timestamp="2023-12-03T21:36:34 IST" skipped="0">
  <testcase classname="Testrunner.Testngtestrunner" name="runScenario" time="111.150">
    <failure message="expected [No data] but found [Beetroot]" type="java.lang.AssertionError">
      <![CDATA[java.lang.AssertionError: expected [No data] but found [Beetroot]
at org.testng.Assert.fail(Assert.java:111)
at org.testng.Assert.failNotEquals(Assert.java:1578)
at org.testng.Assert.assertEqualsImpl(Assert.java:150)
at org.testng.Assert.assertEquals(Assert.java:132)
at org.testng.Assert.assertEquals(Assert.java:656)
at org.testng.Assert.assertEquals(Assert.java:666)
at Stepdefintion.OfferpageStepdefintion.validate_productname_in_offer_page_matches_with_landing_page(OfferpageStepdefintion.java:59)
at ✽.Validate productname in offer page matches with landing page(file:///C:/Users/user/GitDemo/src/test/java/featurefile/searchproduct.feature:8)
]]>
    </failure>
  </testcase> <!-- runScenario -->
  <testcase classname="Testrunner.Testngtestrunner" name="runScenario" time="112.726"/>
  <testcase classname="Testrunner.Testngtestrunner" name="runScenario" time="112.338"/>
  <testcase classname="Testrunner.Testngtestrunner" name="runScenario" time="111.151">
    <failure message="expected [No data] but found [Cucumber]" type="java.lang.AssertionError">
      <![CDATA[java.lang.AssertionError: expected [No data] but found [Cucumber]
at org.testng.Assert.fail(Assert.java:111)
at org.testng.Assert.failNotEquals(Assert.java:1578)
at org.testng.Assert.assertEqualsImpl(Assert.java:150)
at org.testng.Assert.assertEquals(Assert.java:132)
at org.testng.Assert.assertEquals(Assert.java:656)
at org.testng.Assert.assertEquals(Assert.java:666)
at Stepdefintion.OfferpageStepdefintion.validate_productname_in_offer_page_matches_with_landing_page(OfferpageStepdefintion.java:59)
at ✽.Validate productname in offer page matches with landing page(file:///C:/Users/user/GitDemo/src/test/java/featurefile/searchproduct.feature:8)
]]>
    </failure>
  </testcase> <!-- runScenario -->
  <testcase classname="Testrunner.Testngtestrunner" name="runScenario" time="111.456"/>
</testsuite> <!-- Testrunner.Testngtestrunner -->
