<?xml version="1.0" encoding="UTF-8"?>
<!-- Generated by org.testng.reporters.JUnitReportReporter -->
<testsuite hostname="DESKTOP-5H50MM9" failures="0" tests="1" name="Testrunner.Testngtestrunner" time="31.965" errors="0" timestamp="2023-12-11T00:12:37 IST" skipped="0">
  <testcase classname="Testrunner.Testngtestrunner" name="runScenario" time="31.965"/>
</testsuite> <!-- Testrunner.Testngtestrunner -->
