<?xml version="1.0" encoding="UTF-8"?>
<!-- Generated by org.testng.reporters.JUnitReportReporter -->
<testsuite hostname="KINGSTONSURYA" failures="0" tests="1" name="Testrunner.Testngtestrunner" time="13.883" errors="0" timestamp="2023-12-11T01:06:15 IST" skipped="0">
  <testcase classname="Testrunner.Testngtestrunner" name="runScenario" time="13.883"/>
</testsuite> <!-- Testrunner.Testngtestrunner -->
